    System.ComponentModel.Composition Information: 6 : The ComposablePartDefinition 'ProjectMercury.ContentPipeline.Modifiers.VelocityClampModifierSerializer' was ignored because it contains no exports.
    System.ComponentModel.Composition Information: 6 : The ComposablePartDefinition 'ProjectMercury.ContentPipeline.Modifiers.RotationModifierSerializer' was ignored because it contains no exports.
    System.ComponentModel.Composition Information: 6 : The ComposablePartDefinition 'ProjectMercury.ContentPipeline.Modifiers.OpacityInterpolator2Serializer' was ignored because it contains no exports.
    System.ComponentModel.Composition Information: 6 : The ComposablePartDefinition 'ProjectMercury.ContentPipeline.Modifiers.DampingModifierSerializer' was ignored because it contains no exports.
    System.ComponentModel.Composition Information: 6 : The ComposablePartDefinition 'ProjectMercury.ContentPipeline.ParticleEffectSerializer' was ignored because it contains no exports.
    System.ComponentModel.Composition Information: 6 : The ComposablePartDefinition 'ProjectMercury.ContentPipeline.Modifiers.OpacityInterpolator3Serializer' was ignored because it contains no exports.
    System.ComponentModel.Composition Information: 6 : The ComposablePartDefinition 'ProjectMercury.ContentPipeline.RotationRangeSerializer' was ignored because it contains no exports.
    System.ComponentModel.Composition Information: 6 : The ComposablePartDefinition 'ProjectMercury.ContentPipeline.Modifiers.BoxForceModifierSerializer' was ignored because it contains no exports.
    System.ComponentModel.Composition Information: 6 : The ComposablePartDefinition 'ProjectMercury.ContentPipeline.IntermediateReaderExtensions' was ignored because it contains no exports.
    System.ComponentModel.Composition Information: 6 : The ComposablePartDefinition 'ProjectMercury.ContentPipeline.ColourRangeSerializer' was ignored because it contains no exports.
    System.ComponentModel.Composition Information: 6 : The ComposablePartDefinition 'ProjectMercury.ContentPipeline.Modifiers.ScaleInterpolator2Serializer' was ignored because it contains no exports.
    System.ComponentModel.Composition Information: 6 : The ComposablePartDefinition 'ProjectMercury.ContentPipeline.Modifiers.TriggerRandomOffsetControllerSerializer' was ignored because it contains no exports.
    System.ComponentModel.Composition Information: 6 : The ComposablePartDefinition 'ProjectMercury.ContentPipeline.Modifiers.TimedReleaseQuantityControllerSerializer' was ignored because it contains no exports.
    System.ComponentModel.Composition Information: 6 : The ComposablePartDefinition 'ProjectMercury.ContentPipeline.RangeSerializer' was ignored because it contains no exports.
    System.ComponentModel.Composition Information: 6 : The ComposablePartDefinition 'ProjectMercury.ContentPipeline.Modifiers.ScaleInterpolator3Serializer' was ignored because it contains no exports.
    System.ComponentModel.Composition Information: 6 : The ComposablePartDefinition 'ProjectMercury.ContentPipeline.Modifiers.HueShiftModifierSerializer' was ignored because it contains no exports.
    System.ComponentModel.Composition Information: 5 : The ComposablePartDefinition 'ProjectMercury.ContentPipeline.Emitters.AbstractEmitterSerializer`1' was ignored because it is an open generic type.
    System.ComponentModel.Composition Information: 6 : The ComposablePartDefinition 'ProjectMercury.ContentPipeline.Modifiers.CooldownControllerSerializer' was ignored because it contains no exports.
    System.ComponentModel.Composition Information: 6 : The ComposablePartDefinition 'ProjectMercury.ContentPipeline.Emitters.SphereEmitterSerializer' was ignored because it contains no exports.
    System.ComponentModel.Composition Information: 6 : The ComposablePartDefinition 'ProjectMercury.ContentPipeline.Emitters.BoxEmitterSerializer' was ignored because it contains no exports.
    System.ComponentModel.Composition Information: 6 : The ComposablePartDefinition 'ProjectMercury.ContentPipeline.Modifiers.OpacityFastFadeModifierSerializer' was ignored because it contains no exports.
    System.ComponentModel.Composition Information: 6 : The ComposablePartDefinition 'ProjectMercury.ContentPipeline.IntermediateWriterExtensions' was ignored because it contains no exports.
    System.ComponentModel.Composition Information: 6 : The ComposablePartDefinition 'ProjectMercury.ContentPipeline.Modifiers.TriggerRotationControllerSerializer' was ignored because it contains no exports.
    System.ComponentModel.Composition Information: 6 : The ComposablePartDefinition 'ProjectMercury.ContentPipeline.Modifiers.LinearGravityModifierSerializer' was ignored because it contains no exports.
    System.ComponentModel.Composition Information: 6 : The ComposablePartDefinition 'ProjectMercury.ContentPipeline.Modifiers.TriggerOffsetControllerSerializer' was ignored because it contains no exports.
    System.ComponentModel.Composition Information: 6 : The ComposablePartDefinition 'ProjectMercury.ContentPipeline.Modifiers.ColourInterpolator2Serializer' was ignored because it contains no exports.
    System.ComponentModel.Composition Information: 6 : The ComposablePartDefinition 'ProjectMercury.ContentPipeline.Modifiers.ColourInterpolator3Serializer' was ignored because it contains no exports.
    System.ComponentModel.Composition Information: 6 : The ComposablePartDefinition 'ProjectMercury.ContentPipeline.Modifiers.SphereForceModifierSerializer' was ignored because it contains no exports.
    System.ComponentModel.Composition Information: 6 : The ComposablePartDefinition 'ProjectMercury.ContentPipeline.Modifiers.ForceInterpolator2Serializer' was ignored because it contains no exports.
    System.ComponentModel.Composition Information: 6 : The ComposablePartDefinition 'ProjectMercury.ContentPipeline.Emitters.PointEmitterSerializer' was ignored because it contains no exports.
    System.ComponentModel.Composition Information: 6 : The ComposablePartDefinition 'ProjectMercury.EffectEditor.TextureReferenceBrowser' was ignored because it contains no exports.
    System.ComponentModel.Composition Information: 6 : The ComposablePartDefinition 'ProjectMercury.EffectEditor.TraceIndenter' was ignored because it contains no exports.
    System.ComponentModel.Composition Information: 6 : The ComposablePartDefinition 'ProjectMercury.EffectEditor.CoreOperationEventArgs' was ignored because it contains no exports.
    System.ComponentModel.Composition Information: 6 : The ComposablePartDefinition 'ProjectMercury.EffectEditor.SerializeEventArgs' was ignored because it contains no exports.
    System.ComponentModel.Composition Information: 6 : The ComposablePartDefinition 'ProjectMercury.EffectEditor.IO.FileInfoExtensions' was ignored because it contains no exports.
    System.ComponentModel.Composition Information: 6 : The ComposablePartDefinition 'ProjectMercury.EffectEditor.IInterfaceProvider' was ignored because it contains no exports.
    System.ComponentModel.Composition Information: 6 : The ComposablePartDefinition 'ProjectMercury.EffectEditor.Program' was ignored because it contains no exports.
    System.ComponentModel.Composition Information: 6 : The ComposablePartDefinition 'ProjectMercury.EffectEditor.TreeNodes.ModifierTreeNode' was ignored because it contains no exports.
    System.ComponentModel.Composition Information: 6 : The ComposablePartDefinition 'ProjectMercury.EffectEditor.OptionsWindow' was ignored because it contains no exports.
    System.ComponentModel.Composition Information: 6 : The ComposablePartDefinition 'ProjectMercury.EffectEditor.ModifierEventArgs' was ignored because it contains no exports.
    System.ComponentModel.Composition Information: 6 : The ComposablePartDefinition 'ProjectMercury.EffectEditor.EmitterEventArgs' was ignored because it contains no exports.
    System.ComponentModel.Composition Information: 6 : The ComposablePartDefinition 'ProjectMercury.EffectEditor.CloneModifierEventArgs' was ignored because it contains no exports.
    System.ComponentModel.Composition Information: 6 : The ComposablePartDefinition 'ProjectMercury.EffectEditor.TreeNodes.ControllerTreeNode' was ignored because it contains no exports.
    System.ComponentModel.Composition Information: 6 : The ComposablePartDefinition 'ProjectMercury.EffectEditor.NewModifierEventArgs' was ignored because it contains no exports.
    System.ComponentModel.Composition Information: 6 : The ComposablePartDefinition 'ProjectMercury.EffectEditor.NewEmitterDialog' was ignored because it contains no exports.
    System.ComponentModel.Composition Information: 6 : The ComposablePartDefinition 'ProjectMercury.EffectEditor.TextureReferenceChangedEventArgs' was ignored because it contains no exports.
    System.ComponentModel.Composition Information: 6 : The ComposablePartDefinition 'ProjectMercury.EffectEditor.NewTextureReferenceEventArgs' was ignored because it contains no exports.
    System.ComponentModel.Composition Information: 6 : The ComposablePartDefinition 'ProjectMercury.EffectEditor.IO.DirectoryInfoExtensions' was ignored because it contains no exports.
    System.ComponentModel.Composition Information: 6 : The ComposablePartDefinition 'ProjectMercury.EffectEditor.HourglassCursor' was ignored because it contains no exports.
    System.ComponentModel.Composition Information: 6 : The ComposablePartDefinition 'ProjectMercury.EffectEditor.CloneEmitterEventArgs' was ignored because it contains no exports.
    System.ComponentModel.Composition Information: 6 : The ComposablePartDefinition 'ProjectMercury.EffectEditor.CloneControllerEventArgs' was ignored because it contains no exports.
    System.ComponentModel.Composition Information: 6 : The ComposablePartDefinition 'ProjectMercury.EffectEditor.TreeNodes.EmitterTreeNode' was ignored because it contains no exports.
    System.ComponentModel.Composition Information: 6 : The ComposablePartDefinition 'ProjectMercury.EffectEditor.GraphicsDeviceService' was ignored because it contains no exports.
    System.ComponentModel.Composition Information: 6 : The ComposablePartDefinition 'ProjectMercury.EffectEditor.NewEmitterEventArgs' was ignored because it contains no exports.
    System.ComponentModel.Composition Information: 6 : The ComposablePartDefinition 'ProjectMercury.EffectEditor.TextureReference' was ignored because it contains no exports.
    System.ComponentModel.Composition Information: 6 : The ComposablePartDefinition 'ProjectMercury.EffectEditor.SerializeEventHandler' was ignored because it contains no exports.
    System.ComponentModel.Composition Information: 6 : The ComposablePartDefinition 'ProjectMercury.EffectEditor.NewEmitterEventHandler' was ignored because it contains no exports.
    System.ComponentModel.Composition Information: 6 : The ComposablePartDefinition 'ProjectMercury.EffectEditor.CloneEmitterEventHandler' was ignored because it contains no exports.
    System.ComponentModel.Composition Information: 6 : The ComposablePartDefinition 'ProjectMercury.EffectEditor.EmitterEventHandler' was ignored because it contains no exports.
    System.ComponentModel.Composition Information: 6 : The ComposablePartDefinition 'ProjectMercury.EffectEditor.NewModifierEventHandler' was ignored because it contains no exports.
    System.ComponentModel.Composition Information: 6 : The ComposablePartDefinition 'ProjectMercury.EffectEditor.CloneModifierEventHandler' was ignored because it contains no exports.
    System.ComponentModel.Composition Information: 6 : The ComposablePartDefinition 'ProjectMercury.EffectEditor.ModifierEventHandler' was ignored because it contains no exports.
    System.ComponentModel.Composition Information: 6 : The ComposablePartDefinition 'ProjectMercury.EffectEditor.NewControllerEventHandler' was ignored because it contains no exports.
    System.ComponentModel.Composition Information: 6 : The ComposablePartDefinition 'ProjectMercury.EffectEditor.CloneControllerEventHandler' was ignored because it contains no exports.
    System.ComponentModel.Composition Information: 6 : The ComposablePartDefinition 'ProjectMercury.EffectEditor.ControllerEventHandler' was ignored because it contains no exports.
    System.ComponentModel.Composition Information: 6 : The ComposablePartDefinition 'ProjectMercury.EffectEditor.EmitterReinitialisedEventHandler' was ignored because it contains no exports.
    System.ComponentModel.Composition Information: 6 : The ComposablePartDefinition 'ProjectMercury.EffectEditor.NewTextureReferenceEventHandler' was ignored because it contains no exports.
    System.ComponentModel.Composition Information: 6 : The ComposablePartDefinition 'ProjectMercury.EffectEditor.TextureReferenceChangedEventHandler' was ignored because it contains no exports.
    System.ComponentModel.Composition Information: 6 : The ComposablePartDefinition 'ProjectMercury.EffectEditor.Icons' was ignored because it contains no exports.
    System.ComponentModel.Composition Information: 6 : The ComposablePartDefinition 'ProjectMercury.EffectEditor.CoreOperationResult' was ignored because it contains no exports.
    System.ComponentModel.Composition Information: 6 : The ComposablePartDefinition 'ProjectMercury.EffectEditor.TreeNodes.ParticleEffectTreeNode' was ignored because it contains no exports.
    System.ComponentModel.Composition Information: 6 : The ComposablePartDefinition 'ProjectMercury.EffectEditor.Properties.Settings' was ignored because it contains no exports.
    System.ComponentModel.Composition Information: 6 : The ComposablePartDefinition 'ProjectMercury.EffectEditor.Properties.Resources' was ignored because it contains no exports.
    System.ComponentModel.Composition Information: 6 : The ComposablePartDefinition 'ProjectMercury.EffectEditor.Core' was ignored because it contains no exports.
    System.ComponentModel.Composition Information: 6 : The ComposablePartDefinition 'ProjectMercury.EffectEditor.ServiceContainer' was ignored because it contains no exports.
    System.ComponentModel.Composition Information: 6 : The ComposablePartDefinition 'ProjectMercury.EffectEditor.NewControllerEventArgs' was ignored because it contains no exports.
    System.ComponentModel.Composition Information: 6 : The ComposablePartDefinition 'ProjectMercury.EffectEditor.ControllerEventArgs' was ignored because it contains no exports.
    System.ComponentModel.Composition Information: 6 : The ComposablePartDefinition 'ProjectMercury.EffectEditor.ImageOptions' was ignored because it contains no exports.
    System.ComponentModel.Composition Information: 6 : The ComposablePartDefinition 'ProjectMercury.EffectEditor.GraphicsDeviceControl' was ignored because it contains no exports.
    System.ComponentModel.Composition Information: 6 : The ComposablePartDefinition 'ProjectMercury.EffectEditor.ParticleEffectPreviewControl' was ignored because it contains no exports.
    System.ComponentModel.Composition Information: 6 : The ComposablePartDefinition 'ProjectMercury.EffectEditor.EmitterReinitialisedEventArgs' was ignored because it contains no exports.
    System.ComponentModel.Composition Information: 6 : The ComposablePartDefinition 'ProjectMercury.EffectEditor.AboutWindow' was ignored because it contains no exports.
    System.ComponentModel.Composition Information: 6 : The ComposablePartDefinition 'ProjectMercury.ContentPipeline.Modifiers.VelocityClampModifierSerializer' was ignored because it contains no exports.
    System.ComponentModel.Composition Information: 6 : The ComposablePartDefinition 'ProjectMercury.ContentPipeline.Modifiers.RotationModifierSerializer' was ignored because it contains no exports.
    System.ComponentModel.Composition Information: 6 : The ComposablePartDefinition 'ProjectMercury.ContentPipeline.Modifiers.OpacityInterpolator2Serializer' was ignored because it contains no exports.
    System.ComponentModel.Composition Information: 6 : The ComposablePartDefinition 'ProjectMercury.ContentPipeline.Modifiers.DampingModifierSerializer' was ignored because it contains no exports.
    System.ComponentModel.Composition Information: 6 : The ComposablePartDefinition 'ProjectMercury.ContentPipeline.ParticleEffectSerializer' was ignored because it contains no exports.
    System.ComponentModel.Composition Information: 6 : The ComposablePartDefinition 'ProjectMercury.ContentPipeline.Modifiers.OpacityInterpolator3Serializer' was ignored because it contains no exports.
    System.ComponentModel.Composition Information: 6 : The ComposablePartDefinition 'ProjectMercury.ContentPipeline.RotationRangeSerializer' was ignored because it contains no exports.
    System.ComponentModel.Composition Information: 6 : The ComposablePartDefinition 'ProjectMercury.ContentPipeline.Modifiers.BoxForceModifierSerializer' was ignored because it contains no exports.
    System.ComponentModel.Composition Information: 6 : The ComposablePartDefinition 'ProjectMercury.ContentPipeline.IntermediateReaderExtensions' was ignored because it contains no exports.
    System.ComponentModel.Composition Information: 6 : The ComposablePartDefinition 'ProjectMercury.ContentPipeline.ColourRangeSerializer' was ignored because it contains no exports.
    System.ComponentModel.Composition Information: 6 : The ComposablePartDefinition 'ProjectMercury.ContentPipeline.Modifiers.ScaleInterpolator2Serializer' was ignored because it contains no exports.
    System.ComponentModel.Composition Information: 6 : The ComposablePartDefinition 'ProjectMercury.ContentPipeline.Modifiers.TriggerRandomOffsetControllerSerializer' was ignored because it contains no exports.
    System.ComponentModel.Composition Information: 6 : The ComposablePartDefinition 'ProjectMercury.ContentPipeline.Modifiers.TimedReleaseQuantityControllerSerializer' was ignored because it contains no exports.
    System.ComponentModel.Composition Information: 6 : The ComposablePartDefinition 'ProjectMercury.ContentPipeline.RangeSerializer' was ignored because it contains no exports.
    System.ComponentModel.Composition Information: 6 : The ComposablePartDefinition 'ProjectMercury.ContentPipeline.Modifiers.ScaleInterpolator3Serializer' was ignored because it contains no exports.
    System.ComponentModel.Composition Information: 6 : The ComposablePartDefinition 'ProjectMercury.ContentPipeline.Modifiers.HueShiftModifierSerializer' was ignored because it contains no exports.
    System.ComponentModel.Composition Information: 5 : The ComposablePartDefinition 'ProjectMercury.ContentPipeline.Emitters.AbstractEmitterSerializer`1' was ignored because it is an open generic type.
    System.ComponentModel.Composition Information: 6 : The ComposablePartDefinition 'ProjectMercury.ContentPipeline.Modifiers.CooldownControllerSerializer' was ignored because it contains no exports.
    System.ComponentModel.Composition Information: 6 : The ComposablePartDefinition 'ProjectMercury.ContentPipeline.Emitters.SphereEmitterSerializer' was ignored because it contains no exports.
    System.ComponentModel.Composition Information: 6 : The ComposablePartDefinition 'ProjectMercury.ContentPipeline.Emitters.BoxEmitterSerializer' was ignored because it contains no exports.
    System.ComponentModel.Composition Information: 6 : The ComposablePartDefinition 'ProjectMercury.ContentPipeline.Modifiers.OpacityFastFadeModifierSerializer' was ignored because it contains no exports.
    System.ComponentModel.Composition Information: 6 : The ComposablePartDefinition 'ProjectMercury.ContentPipeline.IntermediateWriterExtensions' was ignored because it contains no exports.
    System.ComponentModel.Composition Information: 6 : The ComposablePartDefinition 'ProjectMercury.ContentPipeline.Modifiers.TriggerRotationControllerSerializer' was ignored because it contains no exports.
    System.ComponentModel.Composition Information: 6 : The ComposablePartDefinition 'ProjectMercury.ContentPipeline.Modifiers.LinearGravityModifierSerializer' was ignored because it contains no exports.
    System.ComponentModel.Composition Information: 6 : The ComposablePartDefinition 'ProjectMercury.ContentPipeline.Modifiers.TriggerOffsetControllerSerializer' was ignored because it contains no exports.
    System.ComponentModel.Composition Information: 6 : The ComposablePartDefinition 'ProjectMercury.ContentPipeline.Modifiers.ColourInterpolator2Serializer' was ignored because it contains no exports.
    System.ComponentModel.Composition Information: 6 : The ComposablePartDefinition 'ProjectMercury.ContentPipeline.Modifiers.ColourInterpolator3Serializer' was ignored because it contains no exports.
    System.ComponentModel.Composition Information: 6 : The ComposablePartDefinition 'ProjectMercury.ContentPipeline.Modifiers.SphereForceModifierSerializer' was ignored because it contains no exports.
    System.ComponentModel.Composition Information: 6 : The ComposablePartDefinition 'ProjectMercury.ContentPipeline.Modifiers.ForceInterpolator2Serializer' was ignored because it contains no exports.
    System.ComponentModel.Composition Information: 6 : The ComposablePartDefinition 'ProjectMercury.ContentPipeline.Emitters.PointEmitterSerializer' was ignored because it contains no exports.
    System.ComponentModel.Composition Information: 6 : The ComposablePartDefinition 'ProjectMercury.EffectEditor.TextureReferenceBrowser' was ignored because it contains no exports.
    System.ComponentModel.Composition Information: 6 : The ComposablePartDefinition 'ProjectMercury.EffectEditor.TraceIndenter' was ignored because it contains no exports.
    System.ComponentModel.Composition Information: 6 : The ComposablePartDefinition 'ProjectMercury.EffectEditor.CoreOperationEventArgs' was ignored because it contains no exports.
    System.ComponentModel.Composition Information: 6 : The ComposablePartDefinition 'ProjectMercury.EffectEditor.SerializeEventArgs' was ignored because it contains no exports.
    System.ComponentModel.Composition Information: 6 : The ComposablePartDefinition 'ProjectMercury.EffectEditor.IO.FileInfoExtensions' was ignored because it contains no exports.
    System.ComponentModel.Composition Information: 6 : The ComposablePartDefinition 'ProjectMercury.EffectEditor.IInterfaceProvider' was ignored because it contains no exports.
    System.ComponentModel.Composition Information: 6 : The ComposablePartDefinition 'ProjectMercury.EffectEditor.Program' was ignored because it contains no exports.
    System.ComponentModel.Composition Information: 6 : The ComposablePartDefinition 'ProjectMercury.EffectEditor.TreeNodes.ModifierTreeNode' was ignored because it contains no exports.
    System.ComponentModel.Composition Information: 6 : The ComposablePartDefinition 'ProjectMercury.EffectEditor.OptionsWindow' was ignored because it contains no exports.
    System.ComponentModel.Composition Information: 6 : The ComposablePartDefinition 'ProjectMercury.EffectEditor.ModifierEventArgs' was ignored because it contains no exports.
    System.ComponentModel.Composition Information: 6 : The ComposablePartDefinition 'ProjectMercury.EffectEditor.EmitterEventArgs' was ignored because it contains no exports.
    System.ComponentModel.Composition Information: 6 : The ComposablePartDefinition 'ProjectMercury.EffectEditor.CloneModifierEventArgs' was ignored because it contains no exports.
    System.ComponentModel.Composition Information: 6 : The ComposablePartDefinition 'ProjectMercury.EffectEditor.TreeNodes.ControllerTreeNode' was ignored because it contains no exports.
    System.ComponentModel.Composition Information: 6 : The ComposablePartDefinition 'ProjectMercury.EffectEditor.NewModifierEventArgs' was ignored because it contains no exports.
    System.ComponentModel.Composition Information: 6 : The ComposablePartDefinition 'ProjectMercury.EffectEditor.NewEmitterDialog' was ignored because it contains no exports.
    System.ComponentModel.Composition Information: 6 : The ComposablePartDefinition 'ProjectMercury.EffectEditor.TextureReferenceChangedEventArgs' was ignored because it contains no exports.
    System.ComponentModel.Composition Information: 6 : The ComposablePartDefinition 'ProjectMercury.EffectEditor.NewTextureReferenceEventArgs' was ignored because it contains no exports.
    System.ComponentModel.Composition Information: 6 : The ComposablePartDefinition 'ProjectMercury.EffectEditor.IO.DirectoryInfoExtensions' was ignored because it contains no exports.
    System.ComponentModel.Composition Information: 6 : The ComposablePartDefinition 'ProjectMercury.EffectEditor.HourglassCursor' was ignored because it contains no exports.
    System.ComponentModel.Composition Information: 6 : The ComposablePartDefinition 'ProjectMercury.EffectEditor.CloneEmitterEventArgs' was ignored because it contains no exports.
    System.ComponentModel.Composition Information: 6 : The ComposablePartDefinition 'ProjectMercury.EffectEditor.CloneControllerEventArgs' was ignored because it contains no exports.
    System.ComponentModel.Composition Information: 6 : The ComposablePartDefinition 'ProjectMercury.EffectEditor.TreeNodes.EmitterTreeNode' was ignored because it contains no exports.
    System.ComponentModel.Composition Information: 6 : The ComposablePartDefinition 'ProjectMercury.EffectEditor.GraphicsDeviceService' was ignored because it contains no exports.
    System.ComponentModel.Composition Information: 6 : The ComposablePartDefinition 'ProjectMercury.EffectEditor.NewEmitterEventArgs' was ignored because it contains no exports.
    System.ComponentModel.Composition Information: 6 : The ComposablePartDefinition 'ProjectMercury.EffectEditor.TextureReference' was ignored because it contains no exports.
    System.ComponentModel.Composition Information: 6 : The ComposablePartDefinition 'ProjectMercury.EffectEditor.SerializeEventHandler' was ignored because it contains no exports.
    System.ComponentModel.Composition Information: 6 : The ComposablePartDefinition 'ProjectMercury.EffectEditor.NewEmitterEventHandler' was ignored because it contains no exports.
    System.ComponentModel.Composition Information: 6 : The ComposablePartDefinition 'ProjectMercury.EffectEditor.CloneEmitterEventHandler' was ignored because it contains no exports.
    System.ComponentModel.Composition Information: 6 : The ComposablePartDefinition 'ProjectMercury.EffectEditor.EmitterEventHandler' was ignored because it contains no exports.
    System.ComponentModel.Composition Information: 6 : The ComposablePartDefinition 'ProjectMercury.EffectEditor.NewModifierEventHandler' was ignored because it contains no exports.
    System.ComponentModel.Composition Information: 6 : The ComposablePartDefinition 'ProjectMercury.EffectEditor.CloneModifierEventHandler' was ignored because it contains no exports.
    System.ComponentModel.Composition Information: 6 : The ComposablePartDefinition 'ProjectMercury.EffectEditor.ModifierEventHandler' was ignored because it contains no exports.
    System.ComponentModel.Composition Information: 6 : The ComposablePartDefinition 'ProjectMercury.EffectEditor.NewControllerEventHandler' was ignored because it contains no exports.
    System.ComponentModel.Composition Information: 6 : The ComposablePartDefinition 'ProjectMercury.EffectEditor.CloneControllerEventHandler' was ignored because it contains no exports.
    System.ComponentModel.Composition Information: 6 : The ComposablePartDefinition 'ProjectMercury.EffectEditor.ControllerEventHandler' was ignored because it contains no exports.
    System.ComponentModel.Composition Information: 6 : The ComposablePartDefinition 'ProjectMercury.EffectEditor.EmitterReinitialisedEventHandler' was ignored because it contains no exports.
    System.ComponentModel.Composition Information: 6 : The ComposablePartDefinition 'ProjectMercury.EffectEditor.NewTextureReferenceEventHandler' was ignored because it contains no exports.
    System.ComponentModel.Composition Information: 6 : The ComposablePartDefinition 'ProjectMercury.EffectEditor.TextureReferenceChangedEventHandler' was ignored because it contains no exports.
    System.ComponentModel.Composition Information: 6 : The ComposablePartDefinition 'ProjectMercury.EffectEditor.Icons' was ignored because it contains no exports.
    System.ComponentModel.Composition Information: 6 : The ComposablePartDefinition 'ProjectMercury.EffectEditor.CoreOperationResult' was ignored because it contains no exports.
    System.ComponentModel.Composition Information: 6 : The ComposablePartDefinition 'ProjectMercury.EffectEditor.TreeNodes.ParticleEffectTreeNode' was ignored because it contains no exports.
    System.ComponentModel.Composition Information: 6 : The ComposablePartDefinition 'ProjectMercury.EffectEditor.Properties.Settings' was ignored because it contains no exports.
    System.ComponentModel.Composition Information: 6 : The ComposablePartDefinition 'ProjectMercury.EffectEditor.Properties.Resources' was ignored because it contains no exports.
    System.ComponentModel.Composition Information: 6 : The ComposablePartDefinition 'ProjectMercury.EffectEditor.Core' was ignored because it contains no exports.
    System.ComponentModel.Composition Information: 6 : The ComposablePartDefinition 'ProjectMercury.EffectEditor.ServiceContainer' was ignored because it contains no exports.
    System.ComponentModel.Composition Information: 6 : The ComposablePartDefinition 'ProjectMercury.EffectEditor.NewControllerEventArgs' was ignored because it contains no exports.
    System.ComponentModel.Composition Information: 6 : The ComposablePartDefinition 'ProjectMercury.EffectEditor.ControllerEventArgs' was ignored because it contains no exports.
    System.ComponentModel.Composition Information: 6 : The ComposablePartDefinition 'ProjectMercury.EffectEditor.ImageOptions' was ignored because it contains no exports.
    System.ComponentModel.Composition Information: 6 : The ComposablePartDefinition 'ProjectMercury.EffectEditor.GraphicsDeviceControl' was ignored because it contains no exports.
    System.ComponentModel.Composition Information: 6 : The ComposablePartDefinition 'ProjectMercury.EffectEditor.ParticleEffectPreviewControl' was ignored because it contains no exports.
    System.ComponentModel.Composition Information: 6 : The ComposablePartDefinition 'ProjectMercury.EffectEditor.EmitterReinitialisedEventArgs' was ignored because it contains no exports.
    System.ComponentModel.Composition Information: 6 : The ComposablePartDefinition 'ProjectMercury.EffectEditor.AboutWindow' was ignored because it contains no exports.
